Compiling the CXX compiler identification source file "CMakeCXXCompilerId.cpp" failed.
Compiler: /Applications/Xcode.app/Contents/Developer/Toolchains/XcodeDefault.xctoolchain/usr/bin/c++ 
Build flags: 
Id flags:  

The output was:
1
ld: library not found for -lc++
clang: error: linker command failed with exit code 1 (use -v to see invocation)


Compiling the C compiler identification source file "CMakeCCompilerId.c" failed.
Compiler: /Applications/Xcode.app/Contents/Developer/Toolchains/XcodeDefault.xctoolchain/usr/bin/cc 
Build flags: 
Id flags:  

The output was:
1
ld: library not found for -lSystem
clang: error: linker command failed with exit code 1 (use -v to see invocation)


Compilation failed:
    source file: '/Users/mac/Desktop/OpenCV-WorkSpace/opencv-4.7.0/cmake/checks/cpu_popcnt.cpp'
    check option: ''
===== BUILD LOG =====
Change Dir: /Users/mac/Desktop/OpenCV-WorkSpace/opencv-4.7.0/build/CMakeFiles/CMakeTmp

Run Build Command(s):/usr/bin/make cmTC_da472/fast && /Applications/Xcode.app/Contents/Developer/usr/bin/make  -f CMakeFiles/cmTC_da472.dir/build.make CMakeFiles/cmTC_da472.dir/build
Building CXX object CMakeFiles/cmTC_da472.dir/cpu_popcnt.cpp.o
/Applications/Xcode.app/Contents/Developer/Toolchains/XcodeDefault.xctoolchain/usr/bin/c++   -O3 -DNDEBUG -isysroot /Applications/Xcode.app/Contents/Developer/Platforms/MacOSX.platform/Developer/SDKs/MacOSX13.3.sdk -fPIE -std=c++11 -o CMakeFiles/cmTC_da472.dir/cpu_popcnt.cpp.o -c /Users/mac/Desktop/OpenCV-WorkSpace/opencv-4.7.0/cmake/checks/cpu_popcnt.cpp
/Users/mac/Desktop/OpenCV-WorkSpace/opencv-4.7.0/cmake/checks/cpu_popcnt.cpp:14:4: error: "__POPCNT__ is not defined by compiler"
#  error "__POPCNT__ is not defined by compiler"
   ^
/Users/mac/Desktop/OpenCV-WorkSpace/opencv-4.7.0/cmake/checks/cpu_popcnt.cpp:22:13: error: use of undeclared identifier 'CV_POPCNT_U32'
    int j = CV_POPCNT_U32(1);
            ^
2 errors generated.
make[1]: *** [CMakeFiles/cmTC_da472.dir/cpu_popcnt.cpp.o] Error 1
make: *** [cmTC_da472/fast] Error 2


===== END =====

Compilation failed:
    source file: '/Users/mac/Desktop/OpenCV-WorkSpace/opencv-4.7.0/cmake/checks/cpu_sse42.cpp'
    check option: ''
===== BUILD LOG =====
Change Dir: /Users/mac/Desktop/OpenCV-WorkSpace/opencv-4.7.0/build/CMakeFiles/CMakeTmp

Run Build Command(s):/usr/bin/make cmTC_de327/fast && /Applications/Xcode.app/Contents/Developer/usr/bin/make  -f CMakeFiles/cmTC_de327.dir/build.make CMakeFiles/cmTC_de327.dir/build
Building CXX object CMakeFiles/cmTC_de327.dir/cpu_sse42.cpp.o
/Applications/Xcode.app/Contents/Developer/Toolchains/XcodeDefault.xctoolchain/usr/bin/c++   -O3 -DNDEBUG -isysroot /Applications/Xcode.app/Contents/Developer/Platforms/MacOSX.platform/Developer/SDKs/MacOSX13.3.sdk -fPIE -std=c++11 -o CMakeFiles/cmTC_de327.dir/cpu_sse42.cpp.o -c /Users/mac/Desktop/OpenCV-WorkSpace/opencv-4.7.0/cmake/checks/cpu_sse42.cpp
/Users/mac/Desktop/OpenCV-WorkSpace/opencv-4.7.0/cmake/checks/cpu_sse42.cpp:5:24: error: always_inline function '_mm_crc32_u8' requires target feature 'crc32', but would be inlined into function 'main' that is compiled without support for 'crc32'
    unsigned int res = _mm_crc32_u8(1, 2);
                       ^
1 error generated.
make[1]: *** [CMakeFiles/cmTC_de327.dir/cpu_sse42.cpp.o] Error 1
make: *** [cmTC_de327/fast] Error 2


===== END =====

Compilation failed:
    source file: '/Users/mac/Desktop/OpenCV-WorkSpace/opencv-4.7.0/cmake/checks/cpu_fp16.cpp'
    check option: ''
===== BUILD LOG =====
Change Dir: /Users/mac/Desktop/OpenCV-WorkSpace/opencv-4.7.0/build/CMakeFiles/CMakeTmp

Run Build Command(s):/usr/bin/make cmTC_3ed98/fast && /Applications/Xcode.app/Contents/Developer/usr/bin/make  -f CMakeFiles/cmTC_3ed98.dir/build.make CMakeFiles/cmTC_3ed98.dir/build
Building CXX object CMakeFiles/cmTC_3ed98.dir/cpu_fp16.cpp.o
/Applications/Xcode.app/Contents/Developer/Toolchains/XcodeDefault.xctoolchain/usr/bin/c++   -O3 -DNDEBUG -isysroot /Applications/Xcode.app/Contents/Developer/Platforms/MacOSX.platform/Developer/SDKs/MacOSX13.3.sdk -fPIE -std=c++11 -o CMakeFiles/cmTC_3ed98.dir/cpu_fp16.cpp.o -c /Users/mac/Desktop/OpenCV-WorkSpace/opencv-4.7.0/cmake/checks/cpu_fp16.cpp
/Users/mac/Desktop/OpenCV-WorkSpace/opencv-4.7.0/cmake/checks/cpu_fp16.cpp:26:2: error: "FP16 is not supported"
#error "FP16 is not supported"
 ^
/Users/mac/Desktop/OpenCV-WorkSpace/opencv-4.7.0/cmake/checks/cpu_fp16.cpp:31:18: error: use of undeclared identifier 'test'
  printf("%d\n", test());
                 ^
2 errors generated.
make[1]: *** [CMakeFiles/cmTC_3ed98.dir/cpu_fp16.cpp.o] Error 1
make: *** [cmTC_3ed98/fast] Error 2


===== END =====

Compilation failed:
    source file: '/Users/mac/Desktop/OpenCV-WorkSpace/opencv-4.7.0/cmake/checks/cpu_avx.cpp'
    check option: ''
===== BUILD LOG =====
Change Dir: /Users/mac/Desktop/OpenCV-WorkSpace/opencv-4.7.0/build/CMakeFiles/CMakeTmp

Run Build Command(s):/usr/bin/make cmTC_d26cf/fast && /Applications/Xcode.app/Contents/Developer/usr/bin/make  -f CMakeFiles/cmTC_d26cf.dir/build.make CMakeFiles/cmTC_d26cf.dir/build
Building CXX object CMakeFiles/cmTC_d26cf.dir/cpu_avx.cpp.o
/Applications/Xcode.app/Contents/Developer/Toolchains/XcodeDefault.xctoolchain/usr/bin/c++   -O3 -DNDEBUG -isysroot /Applications/Xcode.app/Contents/Developer/Platforms/MacOSX.platform/Developer/SDKs/MacOSX13.3.sdk -fPIE -std=c++11 -o CMakeFiles/cmTC_d26cf.dir/cpu_avx.cpp.o -c /Users/mac/Desktop/OpenCV-WorkSpace/opencv-4.7.0/cmake/checks/cpu_avx.cpp
/Users/mac/Desktop/OpenCV-WorkSpace/opencv-4.7.0/cmake/checks/cpu_avx.cpp:2:2: error: "__AVX__ define is missing"
#error "__AVX__ define is missing"
 ^
1 error generated.
make[1]: *** [CMakeFiles/cmTC_d26cf.dir/cpu_avx.cpp.o] Error 1
make: *** [cmTC_d26cf/fast] Error 2


===== END =====

Compilation failed:
    source file: '/Users/mac/Desktop/OpenCV-WorkSpace/opencv-4.7.0/cmake/checks/cpu_avx2.cpp'
    check option: ''
===== BUILD LOG =====
Change Dir: /Users/mac/Desktop/OpenCV-WorkSpace/opencv-4.7.0/build/CMakeFiles/CMakeTmp

Run Build Command(s):/usr/bin/make cmTC_22938/fast && /Applications/Xcode.app/Contents/Developer/usr/bin/make  -f CMakeFiles/cmTC_22938.dir/build.make CMakeFiles/cmTC_22938.dir/build
Building CXX object CMakeFiles/cmTC_22938.dir/cpu_avx2.cpp.o
/Applications/Xcode.app/Contents/Developer/Toolchains/XcodeDefault.xctoolchain/usr/bin/c++   -O3 -DNDEBUG -isysroot /Applications/Xcode.app/Contents/Developer/Platforms/MacOSX.platform/Developer/SDKs/MacOSX13.3.sdk -fPIE -std=c++11 -o CMakeFiles/cmTC_22938.dir/cpu_avx2.cpp.o -c /Users/mac/Desktop/OpenCV-WorkSpace/opencv-4.7.0/cmake/checks/cpu_avx2.cpp
/Users/mac/Desktop/OpenCV-WorkSpace/opencv-4.7.0/cmake/checks/cpu_avx2.cpp:2:2: error: "__AVX2__ define is missing"
#error "__AVX2__ define is missing"
 ^
1 error generated.
make[1]: *** [CMakeFiles/cmTC_22938.dir/cpu_avx2.cpp.o] Error 1
make: *** [cmTC_22938/fast] Error 2


===== END =====

Compilation failed:
    source file: '/Users/mac/Desktop/OpenCV-WorkSpace/opencv-4.7.0/cmake/checks/cpu_avx512.cpp'
    check option: ''
===== BUILD LOG =====
Change Dir: /Users/mac/Desktop/OpenCV-WorkSpace/opencv-4.7.0/build/CMakeFiles/CMakeTmp

Run Build Command(s):/usr/bin/make cmTC_85c91/fast && /Applications/Xcode.app/Contents/Developer/usr/bin/make  -f CMakeFiles/cmTC_85c91.dir/build.make CMakeFiles/cmTC_85c91.dir/build
Building CXX object CMakeFiles/cmTC_85c91.dir/cpu_avx512.cpp.o
/Applications/Xcode.app/Contents/Developer/Toolchains/XcodeDefault.xctoolchain/usr/bin/c++   -O3 -DNDEBUG -isysroot /Applications/Xcode.app/Contents/Developer/Platforms/MacOSX.platform/Developer/SDKs/MacOSX13.3.sdk -fPIE -std=c++11 -o CMakeFiles/cmTC_85c91.dir/cpu_avx512.cpp.o -c /Users/mac/Desktop/OpenCV-WorkSpace/opencv-4.7.0/cmake/checks/cpu_avx512.cpp
/Users/mac/Desktop/OpenCV-WorkSpace/opencv-4.7.0/cmake/checks/cpu_avx512.cpp:11:2: error: "AVX512 is not supported"
#error "AVX512 is not supported"
 ^
1 error generated.
make[1]: *** [CMakeFiles/cmTC_85c91.dir/cpu_avx512.cpp.o] Error 1
make: *** [cmTC_85c91/fast] Error 2


===== END =====

Compilation failed:
    source file: '/Users/mac/Desktop/OpenCV-WorkSpace/opencv-4.7.0/cmake/checks/cpu_avx512common.cpp'
    check option: ''
===== BUILD LOG =====
Change Dir: /Users/mac/Desktop/OpenCV-WorkSpace/opencv-4.7.0/build/CMakeFiles/CMakeTmp

Run Build Command(s):/usr/bin/make cmTC_ce073/fast && /Applications/Xcode.app/Contents/Developer/usr/bin/make  -f CMakeFiles/cmTC_ce073.dir/build.make CMakeFiles/cmTC_ce073.dir/build
Building CXX object CMakeFiles/cmTC_ce073.dir/cpu_avx512common.cpp.o
/Applications/Xcode.app/Contents/Developer/Toolchains/XcodeDefault.xctoolchain/usr/bin/c++   -O3 -DNDEBUG -isysroot /Applications/Xcode.app/Contents/Developer/Platforms/MacOSX.platform/Developer/SDKs/MacOSX13.3.sdk -fPIE -std=c++11 -o CMakeFiles/cmTC_ce073.dir/cpu_avx512common.cpp.o -c /Users/mac/Desktop/OpenCV-WorkSpace/opencv-4.7.0/cmake/checks/cpu_avx512common.cpp
/Users/mac/Desktop/OpenCV-WorkSpace/opencv-4.7.0/cmake/checks/cpu_avx512common.cpp:12:2: error: "AVX512-COMMON is not supported"
#error "AVX512-COMMON is not supported"
 ^
1 error generated.
make[1]: *** [CMakeFiles/cmTC_ce073.dir/cpu_avx512common.cpp.o] Error 1
make: *** [cmTC_ce073/fast] Error 2


===== END =====

Compilation failed:
    source file: '/Users/mac/Desktop/OpenCV-WorkSpace/opencv-4.7.0/cmake/checks/cpu_avx512knl.cpp'
    check option: ''
===== BUILD LOG =====
Change Dir: /Users/mac/Desktop/OpenCV-WorkSpace/opencv-4.7.0/build/CMakeFiles/CMakeTmp

Run Build Command(s):/usr/bin/make cmTC_2dd92/fast && /Applications/Xcode.app/Contents/Developer/usr/bin/make  -f CMakeFiles/cmTC_2dd92.dir/build.make CMakeFiles/cmTC_2dd92.dir/build
Building CXX object CMakeFiles/cmTC_2dd92.dir/cpu_avx512knl.cpp.o
/Applications/Xcode.app/Contents/Developer/Toolchains/XcodeDefault.xctoolchain/usr/bin/c++   -O3 -DNDEBUG -isysroot /Applications/Xcode.app/Contents/Developer/Platforms/MacOSX.platform/Developer/SDKs/MacOSX13.3.sdk -fPIE -std=c++11 -o CMakeFiles/cmTC_2dd92.dir/cpu_avx512knl.cpp.o -c /Users/mac/Desktop/OpenCV-WorkSpace/opencv-4.7.0/cmake/checks/cpu_avx512knl.cpp
/Users/mac/Desktop/OpenCV-WorkSpace/opencv-4.7.0/cmake/checks/cpu_avx512knl.cpp:14:2: error: "AVX512-KNL is not supported"
#error "AVX512-KNL is not supported"
 ^
1 error generated.
make[1]: *** [CMakeFiles/cmTC_2dd92.dir/cpu_avx512knl.cpp.o] Error 1
make: *** [cmTC_2dd92/fast] Error 2


===== END =====

Compilation failed:
    source file: '/Users/mac/Desktop/OpenCV-WorkSpace/opencv-4.7.0/cmake/checks/cpu_avx512knm.cpp'
    check option: ''
===== BUILD LOG =====
Change Dir: /Users/mac/Desktop/OpenCV-WorkSpace/opencv-4.7.0/build/CMakeFiles/CMakeTmp

Run Build Command(s):/usr/bin/make cmTC_26828/fast && /Applications/Xcode.app/Contents/Developer/usr/bin/make  -f CMakeFiles/cmTC_26828.dir/build.make CMakeFiles/cmTC_26828.dir/build
Building CXX object CMakeFiles/cmTC_26828.dir/cpu_avx512knm.cpp.o
/Applications/Xcode.app/Contents/Developer/Toolchains/XcodeDefault.xctoolchain/usr/bin/c++   -O3 -DNDEBUG -isysroot /Applications/Xcode.app/Contents/Developer/Platforms/MacOSX.platform/Developer/SDKs/MacOSX13.3.sdk -fPIE -std=c++11 -o CMakeFiles/cmTC_26828.dir/cpu_avx512knm.cpp.o -c /Users/mac/Desktop/OpenCV-WorkSpace/opencv-4.7.0/cmake/checks/cpu_avx512knm.cpp
/Users/mac/Desktop/OpenCV-WorkSpace/opencv-4.7.0/cmake/checks/cpu_avx512knm.cpp:15:2: error: "AVX512-KNM is not supported"
#error "AVX512-KNM is not supported"
 ^
1 error generated.
make[1]: *** [CMakeFiles/cmTC_26828.dir/cpu_avx512knm.cpp.o] Error 1
make: *** [cmTC_26828/fast] Error 2


===== END =====

Compilation failed:
    source file: '/Users/mac/Desktop/OpenCV-WorkSpace/opencv-4.7.0/cmake/checks/cpu_avx512knm.cpp'
    check option: ' -mavx512f -mavx512cd -mavx512er -mavx512pf -mavx5124fmaps -mavx5124vnniw -mavx512vpopcntdq'
===== BUILD LOG =====
Change Dir: /Users/mac/Desktop/OpenCV-WorkSpace/opencv-4.7.0/build/CMakeFiles/CMakeTmp

Run Build Command(s):/usr/bin/make cmTC_211a9/fast && /Applications/Xcode.app/Contents/Developer/usr/bin/make  -f CMakeFiles/cmTC_211a9.dir/build.make CMakeFiles/cmTC_211a9.dir/build
Building CXX object CMakeFiles/cmTC_211a9.dir/cpu_avx512knm.cpp.o
/Applications/Xcode.app/Contents/Developer/Toolchains/XcodeDefault.xctoolchain/usr/bin/c++   -O3 -DNDEBUG -isysroot /Applications/Xcode.app/Contents/Developer/Platforms/MacOSX.platform/Developer/SDKs/MacOSX13.3.sdk -fPIE    -mavx512f -mavx512cd -mavx512er -mavx512pf -mavx5124fmaps -mavx5124vnniw -mavx512vpopcntdq -std=c++11 -o CMakeFiles/cmTC_211a9.dir/cpu_avx512knm.cpp.o -c /Users/mac/Desktop/OpenCV-WorkSpace/opencv-4.7.0/cmake/checks/cpu_avx512knm.cpp
clang: error: unknown argument: '-mavx5124fmaps'
clang: error: unknown argument: '-mavx5124vnniw'
make[1]: *** [CMakeFiles/cmTC_211a9.dir/cpu_avx512knm.cpp.o] Error 1
make: *** [cmTC_211a9/fast] Error 2


===== END =====

Compilation failed:
    source file: '/Users/mac/Desktop/OpenCV-WorkSpace/opencv-4.7.0/cmake/checks/cpu_avx512skx.cpp'
    check option: ''
===== BUILD LOG =====
Change Dir: /Users/mac/Desktop/OpenCV-WorkSpace/opencv-4.7.0/build/CMakeFiles/CMakeTmp

Run Build Command(s):/usr/bin/make cmTC_52f16/fast && /Applications/Xcode.app/Contents/Developer/usr/bin/make  -f CMakeFiles/cmTC_52f16.dir/build.make CMakeFiles/cmTC_52f16.dir/build
Building CXX object CMakeFiles/cmTC_52f16.dir/cpu_avx512skx.cpp.o
/Applications/Xcode.app/Contents/Developer/Toolchains/XcodeDefault.xctoolchain/usr/bin/c++   -O3 -DNDEBUG -isysroot /Applications/Xcode.app/Contents/Developer/Platforms/MacOSX.platform/Developer/SDKs/MacOSX13.3.sdk -fPIE -std=c++11 -o CMakeFiles/cmTC_52f16.dir/cpu_avx512skx.cpp.o -c /Users/mac/Desktop/OpenCV-WorkSpace/opencv-4.7.0/cmake/checks/cpu_avx512skx.cpp
/Users/mac/Desktop/OpenCV-WorkSpace/opencv-4.7.0/cmake/checks/cpu_avx512skx.cpp:30:2: error: "AVX512-SKX is not supported"
#error "AVX512-SKX is not supported"
 ^
1 error generated.
make[1]: *** [CMakeFiles/cmTC_52f16.dir/cpu_avx512skx.cpp.o] Error 1
make: *** [cmTC_52f16/fast] Error 2


===== END =====

Compilation failed:
    source file: '/Users/mac/Desktop/OpenCV-WorkSpace/opencv-4.7.0/cmake/checks/cpu_avx512cnl.cpp'
    check option: ''
===== BUILD LOG =====
Change Dir: /Users/mac/Desktop/OpenCV-WorkSpace/opencv-4.7.0/build/CMakeFiles/CMakeTmp

Run Build Command(s):/usr/bin/make cmTC_07904/fast && /Applications/Xcode.app/Contents/Developer/usr/bin/make  -f CMakeFiles/cmTC_07904.dir/build.make CMakeFiles/cmTC_07904.dir/build
Building CXX object CMakeFiles/cmTC_07904.dir/cpu_avx512cnl.cpp.o
/Applications/Xcode.app/Contents/Developer/Toolchains/XcodeDefault.xctoolchain/usr/bin/c++   -O3 -DNDEBUG -isysroot /Applications/Xcode.app/Contents/Developer/Platforms/MacOSX.platform/Developer/SDKs/MacOSX13.3.sdk -fPIE -std=c++11 -o CMakeFiles/cmTC_07904.dir/cpu_avx512cnl.cpp.o -c /Users/mac/Desktop/OpenCV-WorkSpace/opencv-4.7.0/cmake/checks/cpu_avx512cnl.cpp
/Users/mac/Desktop/OpenCV-WorkSpace/opencv-4.7.0/cmake/checks/cpu_avx512cnl.cpp:10:2: error: "AVX512-CNL is not supported"
#error "AVX512-CNL is not supported"
 ^
1 error generated.
make[1]: *** [CMakeFiles/cmTC_07904.dir/cpu_avx512cnl.cpp.o] Error 1
make: *** [cmTC_07904/fast] Error 2


===== END =====

Compilation failed:
    source file: '/Users/mac/Desktop/OpenCV-WorkSpace/opencv-4.7.0/cmake/checks/cpu_avx512clx.cpp'
    check option: ''
===== BUILD LOG =====
Change Dir: /Users/mac/Desktop/OpenCV-WorkSpace/opencv-4.7.0/build/CMakeFiles/CMakeTmp

Run Build Command(s):/usr/bin/make cmTC_45a51/fast && /Applications/Xcode.app/Contents/Developer/usr/bin/make  -f CMakeFiles/cmTC_45a51.dir/build.make CMakeFiles/cmTC_45a51.dir/build
Building CXX object CMakeFiles/cmTC_45a51.dir/cpu_avx512clx.cpp.o
/Applications/Xcode.app/Contents/Developer/Toolchains/XcodeDefault.xctoolchain/usr/bin/c++   -O3 -DNDEBUG -isysroot /Applications/Xcode.app/Contents/Developer/Platforms/MacOSX.platform/Developer/SDKs/MacOSX13.3.sdk -fPIE -std=c++11 -o CMakeFiles/cmTC_45a51.dir/cpu_avx512clx.cpp.o -c /Users/mac/Desktop/OpenCV-WorkSpace/opencv-4.7.0/cmake/checks/cpu_avx512clx.cpp
/Users/mac/Desktop/OpenCV-WorkSpace/opencv-4.7.0/cmake/checks/cpu_avx512clx.cpp:9:2: error: "AVX512-CLX is not supported"
#error "AVX512-CLX is not supported"
 ^
1 error generated.
make[1]: *** [CMakeFiles/cmTC_45a51.dir/cpu_avx512clx.cpp.o] Error 1
make: *** [cmTC_45a51/fast] Error 2


===== END =====

Compilation failed:
    source file: '/Users/mac/Desktop/OpenCV-WorkSpace/opencv-4.7.0/cmake/checks/cpu_avx512icl.cpp'
    check option: ''
===== BUILD LOG =====
Change Dir: /Users/mac/Desktop/OpenCV-WorkSpace/opencv-4.7.0/build/CMakeFiles/CMakeTmp

Run Build Command(s):/usr/bin/make cmTC_05efd/fast && /Applications/Xcode.app/Contents/Developer/usr/bin/make  -f CMakeFiles/cmTC_05efd.dir/build.make CMakeFiles/cmTC_05efd.dir/build
Building CXX object CMakeFiles/cmTC_05efd.dir/cpu_avx512icl.cpp.o
/Applications/Xcode.app/Contents/Developer/Toolchains/XcodeDefault.xctoolchain/usr/bin/c++   -O3 -DNDEBUG -isysroot /Applications/Xcode.app/Contents/Developer/Platforms/MacOSX.platform/Developer/SDKs/MacOSX13.3.sdk -fPIE -std=c++11 -o CMakeFiles/cmTC_05efd.dir/cpu_avx512icl.cpp.o -c /Users/mac/Desktop/OpenCV-WorkSpace/opencv-4.7.0/cmake/checks/cpu_avx512icl.cpp
/Users/mac/Desktop/OpenCV-WorkSpace/opencv-4.7.0/cmake/checks/cpu_avx512icl.cpp:12:2: error: "AVX512-ICL is not supported"
#error "AVX512-ICL is not supported"
 ^
1 error generated.
make[1]: *** [CMakeFiles/cmTC_05efd.dir/cpu_avx512icl.cpp.o] Error 1
make: *** [cmTC_05efd/fast] Error 2


===== END =====

Compilation failed:
    source file: '/Users/mac/Desktop/OpenCV-WorkSpace/opencv-4.7.0/build/CMakeFiles/CMakeTmp/src.cxx'
    check option: ''
===== BUILD LOG =====
Change Dir: /Users/mac/Desktop/OpenCV-WorkSpace/opencv-4.7.0/build/CMakeFiles/CMakeTmp

Run Build Command(s):/usr/bin/make cmTC_7083f/fast && /Applications/Xcode.app/Contents/Developer/usr/bin/make  -f CMakeFiles/cmTC_7083f.dir/build.make CMakeFiles/cmTC_7083f.dir/build
Building CXX object CMakeFiles/cmTC_7083f.dir/src.cxx.o
/Applications/Xcode.app/Contents/Developer/Toolchains/XcodeDefault.xctoolchain/usr/bin/c++   -O3 -DNDEBUG -isysroot /Applications/Xcode.app/Contents/Developer/Platforms/MacOSX.platform/Developer/SDKs/MacOSX13.3.sdk -fPIE -std=c++11 -o CMakeFiles/cmTC_7083f.dir/src.cxx.o -c /Users/mac/Desktop/OpenCV-WorkSpace/opencv-4.7.0/build/CMakeFiles/CMakeTmp/src.cxx
Linking CXX executable cmTC_7083f
/Applications/CMake.app/Contents/bin/cmake -E cmake_link_script CMakeFiles/cmTC_7083f.dir/link.txt --verbose=1
/Applications/Xcode.app/Contents/Developer/Toolchains/XcodeDefault.xctoolchain/usr/bin/c++ -O3 -DNDEBUG -isysroot /Applications/Xcode.app/Contents/Developer/Platforms/MacOSX.platform/Developer/SDKs/MacOSX13.3.sdk -Wl,-search_paths_first -Wl,-headerpad_max_install_names  -Wl,--as-needed  CMakeFiles/cmTC_7083f.dir/src.cxx.o -o cmTC_7083f 
ld: unknown option: --as-needed
clang: error: linker command failed with exit code 1 (use -v to see invocation)
make[1]: *** [cmTC_7083f] Error 1
make: *** [cmTC_7083f/fast] Error 2


===== END =====

Compilation failed:
    source file: '/Users/mac/Desktop/OpenCV-WorkSpace/opencv-4.7.0/build/CMakeFiles/CMakeTmp/src.cxx'
    check option: ''
===== BUILD LOG =====
Change Dir: /Users/mac/Desktop/OpenCV-WorkSpace/opencv-4.7.0/build/CMakeFiles/CMakeTmp

Run Build Command(s):/usr/bin/make cmTC_2711f/fast && /Applications/Xcode.app/Contents/Developer/usr/bin/make  -f CMakeFiles/cmTC_2711f.dir/build.make CMakeFiles/cmTC_2711f.dir/build
Building CXX object CMakeFiles/cmTC_2711f.dir/src.cxx.o
/Applications/Xcode.app/Contents/Developer/Toolchains/XcodeDefault.xctoolchain/usr/bin/c++   -O3 -DNDEBUG -isysroot /Applications/Xcode.app/Contents/Developer/Platforms/MacOSX.platform/Developer/SDKs/MacOSX13.3.sdk -fPIE -std=c++11 -o CMakeFiles/cmTC_2711f.dir/src.cxx.o -c /Users/mac/Desktop/OpenCV-WorkSpace/opencv-4.7.0/build/CMakeFiles/CMakeTmp/src.cxx
Linking CXX executable cmTC_2711f
/Applications/CMake.app/Contents/bin/cmake -E cmake_link_script CMakeFiles/cmTC_2711f.dir/link.txt --verbose=1
/Applications/Xcode.app/Contents/Developer/Toolchains/XcodeDefault.xctoolchain/usr/bin/c++ -O3 -DNDEBUG -isysroot /Applications/Xcode.app/Contents/Developer/Platforms/MacOSX.platform/Developer/SDKs/MacOSX13.3.sdk -Wl,-search_paths_first -Wl,-headerpad_max_install_names  -Wl,--no-undefined  CMakeFiles/cmTC_2711f.dir/src.cxx.o -o cmTC_2711f 
ld: unknown option: --no-undefined
clang: error: linker command failed with exit code 1 (use -v to see invocation)
make[1]: *** [cmTC_2711f] Error 1
make: *** [cmTC_2711f/fast] Error 2


===== END =====

Determining if the include file malloc.h exists failed with the following output:
Change Dir: /Users/mac/Desktop/OpenCV-WorkSpace/opencv-4.7.0/build/CMakeFiles/CMakeTmp

Run Build Command(s):/usr/bin/make cmTC_79956/fast && /Applications/Xcode.app/Contents/Developer/usr/bin/make  -f CMakeFiles/cmTC_79956.dir/build.make CMakeFiles/cmTC_79956.dir/build
Building C object CMakeFiles/cmTC_79956.dir/CheckIncludeFile.c.o
/Applications/Xcode.app/Contents/Developer/Toolchains/XcodeDefault.xctoolchain/usr/bin/cc   -fsigned-char -W -Wall -Wreturn-type -Wnon-virtual-dtor -Waddress -Wsequence-point -Wformat -Wformat-security -Wmissing-declarations -Wmissing-prototypes -Wstrict-prototypes -Wundef -Winit-self -Wpointer-arith -Wshadow -Wsign-promo -Wuninitialized -Wno-delete-non-virtual-dtor -Wno-unnamed-type-template-args -Wno-comment -fdiagnostics-show-option -Wno-long-long -Qunused-arguments -Wno-semicolon-before-method-body -ffunction-sections -fdata-sections  -fvisibility=hidden -fvisibility-inlines-hidden  -O3 -DNDEBUG  -DNDEBUG -isysroot /Applications/Xcode.app/Contents/Developer/Platforms/MacOSX.platform/Developer/SDKs/MacOSX13.3.sdk -fPIE -o CMakeFiles/cmTC_79956.dir/CheckIncludeFile.c.o -c /Users/mac/Desktop/OpenCV-WorkSpace/opencv-4.7.0/build/CMakeFiles/CMakeTmp/CheckIncludeFile.c
/Users/mac/Desktop/OpenCV-WorkSpace/opencv-4.7.0/build/CMakeFiles/CMakeTmp/CheckIncludeFile.c:1:10: fatal error: 'malloc.h' file not found
#include <malloc.h>
         ^~~~~~~~~~
1 error generated.
make[1]: *** [CMakeFiles/cmTC_79956.dir/CheckIncludeFile.c.o] Error 1
make: *** [cmTC_79956/fast] Error 2



Determining size of off64_t failed with the following output:
Change Dir: /Users/mac/Desktop/OpenCV-WorkSpace/opencv-4.7.0/build/CMakeFiles/CMakeTmp

Run Build Command(s):/usr/bin/make cmTC_3681e/fast && /Applications/Xcode.app/Contents/Developer/usr/bin/make  -f CMakeFiles/cmTC_3681e.dir/build.make CMakeFiles/cmTC_3681e.dir/build
Building C object CMakeFiles/cmTC_3681e.dir/OFF64_T.c.o
/Applications/Xcode.app/Contents/Developer/Toolchains/XcodeDefault.xctoolchain/usr/bin/cc   -fsigned-char -W -Wall -Wreturn-type -Wnon-virtual-dtor -Waddress -Wsequence-point -Wformat -Wformat-security -Wmissing-declarations -Wmissing-prototypes -Wstrict-prototypes -Wundef -Winit-self -Wpointer-arith -Wshadow -Wsign-promo -Wuninitialized -Wno-delete-non-virtual-dtor -Wno-unnamed-type-template-args -Wno-comment -fdiagnostics-show-option -Wno-long-long -Qunused-arguments -Wno-semicolon-before-method-body -ffunction-sections -fdata-sections  -fvisibility=hidden -fvisibility-inlines-hidden  -O3 -DNDEBUG  -DNDEBUG -isysroot /Applications/Xcode.app/Contents/Developer/Platforms/MacOSX.platform/Developer/SDKs/MacOSX13.3.sdk -fPIE -o CMakeFiles/cmTC_3681e.dir/OFF64_T.c.o -c /Users/mac/Desktop/OpenCV-WorkSpace/opencv-4.7.0/build/CMakeFiles/CheckTypeSize/OFF64_T.c
/Users/mac/Desktop/OpenCV-WorkSpace/opencv-4.7.0/build/CMakeFiles/CheckTypeSize/OFF64_T.c:29:12: error: use of undeclared identifier 'off64_t'
  ('0' + ((SIZE / 10000)%10)),
           ^
/Users/mac/Desktop/OpenCV-WorkSpace/opencv-4.7.0/build/CMakeFiles/CheckTypeSize/OFF64_T.c:27:22: note: expanded from macro 'SIZE'
#define SIZE (sizeof(off64_t))
                     ^
/Users/mac/Desktop/OpenCV-WorkSpace/opencv-4.7.0/build/CMakeFiles/CheckTypeSize/OFF64_T.c:30:12: error: use of undeclared identifier 'off64_t'
  ('0' + ((SIZE / 1000)%10)),
           ^
/Users/mac/Desktop/OpenCV-WorkSpace/opencv-4.7.0/build/CMakeFiles/CheckTypeSize/OFF64_T.c:27:22: note: expanded from macro 'SIZE'
#define SIZE (sizeof(off64_t))
                     ^
/Users/mac/Desktop/OpenCV-WorkSpace/opencv-4.7.0/build/CMakeFiles/CheckTypeSize/OFF64_T.c:31:12: error: use of undeclared identifier 'off64_t'
  ('0' + ((SIZE / 100)%10)),
           ^
/Users/mac/Desktop/OpenCV-WorkSpace/opencv-4.7.0/build/CMakeFiles/CheckTypeSize/OFF64_T.c:27:22: note: expanded from macro 'SIZE'
#define SIZE (sizeof(off64_t))
                     ^
/Users/mac/Desktop/OpenCV-WorkSpace/opencv-4.7.0/build/CMakeFiles/CheckTypeSize/OFF64_T.c:32:12: error: use of undeclared identifier 'off64_t'
  ('0' + ((SIZE / 10)%10)),
           ^
/Users/mac/Desktop/OpenCV-WorkSpace/opencv-4.7.0/build/CMakeFiles/CheckTypeSize/OFF64_T.c:27:22: note: expanded from macro 'SIZE'
#define SIZE (sizeof(off64_t))
                     ^
/Users/mac/Desktop/OpenCV-WorkSpace/opencv-4.7.0/build/CMakeFiles/CheckTypeSize/OFF64_T.c:33:12: error: use of undeclared identifier 'off64_t'
  ('0' +  (SIZE    % 10)),
           ^
/Users/mac/Desktop/OpenCV-WorkSpace/opencv-4.7.0/build/CMakeFiles/CheckTypeSize/OFF64_T.c:27:22: note: expanded from macro 'SIZE'
#define SIZE (sizeof(off64_t))
                     ^
5 errors generated.
make[1]: *** [CMakeFiles/cmTC_3681e.dir/OFF64_T.c.o] Error 1
make: *** [cmTC_3681e/fast] Error 2


/Users/mac/Desktop/OpenCV-WorkSpace/opencv-4.7.0/build/CMakeFiles/CheckTypeSize/OFF64_T.c:
#include <sys/types.h>
#include <stdint.h>
#include <stddef.h>


#undef KEY
#if defined(__i386)
# define KEY '_','_','i','3','8','6'
#elif defined(__x86_64)
# define KEY '_','_','x','8','6','_','6','4'
#elif defined(__PPC64__)
# define KEY '_','_','P','P','C','6','4','_','_'
#elif defined(__ppc64__)
# define KEY '_','_','p','p','c','6','4','_','_'
#elif defined(__PPC__)
# define KEY '_','_','P','P','C','_','_'
#elif defined(__ppc__)
# define KEY '_','_','p','p','c','_','_'
#elif defined(__aarch64__)
# define KEY '_','_','a','a','r','c','h','6','4','_','_'
#elif defined(__ARM_ARCH_7A__)
# define KEY '_','_','A','R','M','_','A','R','C','H','_','7','A','_','_'
#elif defined(__ARM_ARCH_7S__)
# define KEY '_','_','A','R','M','_','A','R','C','H','_','7','S','_','_'
#endif

#define SIZE (sizeof(off64_t))
static char info_size[] =  {'I', 'N', 'F', 'O', ':', 's','i','z','e','[',
  ('0' + ((SIZE / 10000)%10)),
  ('0' + ((SIZE / 1000)%10)),
  ('0' + ((SIZE / 100)%10)),
  ('0' + ((SIZE / 10)%10)),
  ('0' +  (SIZE    % 10)),
  ']',
#ifdef KEY
  ' ','k','e','y','[', KEY, ']',
#endif
  '\0'};

#ifdef __CLASSIC_C__
int main(argc, argv) int argc; char *argv[];
#else
int main(int argc, char *argv[])
#endif
{
  int require = 0;
  require += info_size[argc];
  (void)argv;
  return require;
}


Looking for a ASM_NASM compiler failed with the following output:
-- The ASM_NASM compiler identification is unknown
-- Didn't find assembler
CMake Error at CMakeLists.txt:2 (project):
  No CMAKE_ASM_NASM_COMPILER could be found.

  Tell CMake where to find the compiler by setting either the environment
  variable "ASM_NASM" or the CMake cache entry CMAKE_ASM_NASM_COMPILER to the
  full path to the compiler, or to the compiler name if it is in the PATH.


-- Configuring incomplete, errors occurred!
See also "/Users/mac/Desktop/OpenCV-WorkSpace/opencv-4.7.0/build/3rdparty/libjpeg-turbo/src/simd/CMakeFiles/CheckASM_NASM/CMakeFiles/CMakeOutput.log".
See also "/Users/mac/Desktop/OpenCV-WorkSpace/opencv-4.7.0/build/3rdparty/libjpeg-turbo/src/simd/CMakeFiles/CheckASM_NASM/CMakeFiles/CMakeError.log".

Determining if the include file io.h exists failed with the following output:
Change Dir: /Users/mac/Desktop/OpenCV-WorkSpace/opencv-4.7.0/build/CMakeFiles/CMakeTmp

Run Build Command(s):/usr/bin/make cmTC_0d2d4/fast && /Applications/Xcode.app/Contents/Developer/usr/bin/make  -f CMakeFiles/cmTC_0d2d4.dir/build.make CMakeFiles/cmTC_0d2d4.dir/build
Building C object CMakeFiles/cmTC_0d2d4.dir/CheckIncludeFile.c.o
/Applications/Xcode.app/Contents/Developer/Toolchains/XcodeDefault.xctoolchain/usr/bin/cc   -fsigned-char -W -Wall -Wreturn-type -Wnon-virtual-dtor -Waddress -Wsequence-point -Wformat -Wformat-security -Wmissing-declarations -Wmissing-prototypes -Wstrict-prototypes -Wundef -Winit-self -Wpointer-arith -Wshadow -Wsign-promo -Wuninitialized -Wno-delete-non-virtual-dtor -Wno-unnamed-type-template-args -Wno-comment -fdiagnostics-show-option -Wno-long-long -Qunused-arguments -Wno-semicolon-before-method-body -ffunction-sections -fdata-sections  -fvisibility=hidden -fvisibility-inlines-hidden  -O3 -DNDEBUG  -DNDEBUG -isysroot /Applications/Xcode.app/Contents/Developer/Platforms/MacOSX.platform/Developer/SDKs/MacOSX13.3.sdk -fPIE -o CMakeFiles/cmTC_0d2d4.dir/CheckIncludeFile.c.o -c /Users/mac/Desktop/OpenCV-WorkSpace/opencv-4.7.0/build/CMakeFiles/CMakeTmp/CheckIncludeFile.c
/Users/mac/Desktop/OpenCV-WorkSpace/opencv-4.7.0/build/CMakeFiles/CMakeTmp/CheckIncludeFile.c:1:10: fatal error: 'io.h' file not found
#include <io.h>
         ^~~~~~
1 error generated.
make[1]: *** [CMakeFiles/cmTC_0d2d4.dir/CheckIncludeFile.c.o] Error 1
make: *** [cmTC_0d2d4/fast] Error 2



Determining size of INT8 failed with the following output:
Change Dir: /Users/mac/Desktop/OpenCV-WorkSpace/opencv-4.7.0/build/CMakeFiles/CMakeTmp

Run Build Command(s):/usr/bin/make cmTC_7c820/fast && /Applications/Xcode.app/Contents/Developer/usr/bin/make  -f CMakeFiles/cmTC_7c820.dir/build.make CMakeFiles/cmTC_7c820.dir/build
Building C object CMakeFiles/cmTC_7c820.dir/int8.c.o
/Applications/Xcode.app/Contents/Developer/Toolchains/XcodeDefault.xctoolchain/usr/bin/cc   -fsigned-char -W -Wall -Wreturn-type -Wnon-virtual-dtor -Waddress -Wsequence-point -Wformat -Wformat-security -Wmissing-declarations -Wmissing-prototypes -Wstrict-prototypes -Wundef -Winit-self -Wpointer-arith -Wshadow -Wsign-promo -Wuninitialized -Wno-delete-non-virtual-dtor -Wno-unnamed-type-template-args -Wno-comment -fdiagnostics-show-option -Wno-long-long -Qunused-arguments -Wno-semicolon-before-method-body -ffunction-sections -fdata-sections  -fvisibility=hidden -fvisibility-inlines-hidden  -O3 -DNDEBUG  -DNDEBUG -isysroot /Applications/Xcode.app/Contents/Developer/Platforms/MacOSX.platform/Developer/SDKs/MacOSX13.3.sdk -fPIE -o CMakeFiles/cmTC_7c820.dir/int8.c.o -c /Users/mac/Desktop/OpenCV-WorkSpace/opencv-4.7.0/build/CMakeFiles/CheckTypeSize/int8.c
/Users/mac/Desktop/OpenCV-WorkSpace/opencv-4.7.0/build/CMakeFiles/CheckTypeSize/int8.c:29:12: error: use of undeclared identifier 'INT8'
  ('0' + ((SIZE / 10000)%10)),
           ^
/Users/mac/Desktop/OpenCV-WorkSpace/opencv-4.7.0/build/CMakeFiles/CheckTypeSize/int8.c:27:22: note: expanded from macro 'SIZE'
#define SIZE (sizeof(INT8))
                     ^
/Users/mac/Desktop/OpenCV-WorkSpace/opencv-4.7.0/build/CMakeFiles/CheckTypeSize/int8.c:30:12: error: use of undeclared identifier 'INT8'
  ('0' + ((SIZE / 1000)%10)),
           ^
/Users/mac/Desktop/OpenCV-WorkSpace/opencv-4.7.0/build/CMakeFiles/CheckTypeSize/int8.c:27:22: note: expanded from macro 'SIZE'
#define SIZE (sizeof(INT8))
                     ^
/Users/mac/Desktop/OpenCV-WorkSpace/opencv-4.7.0/build/CMakeFiles/CheckTypeSize/int8.c:31:12: error: use of undeclared identifier 'INT8'
  ('0' + ((SIZE / 100)%10)),
           ^
/Users/mac/Desktop/OpenCV-WorkSpace/opencv-4.7.0/build/CMakeFiles/CheckTypeSize/int8.c:27:22: note: expanded from macro 'SIZE'
#define SIZE (sizeof(INT8))
                     ^
/Users/mac/Desktop/OpenCV-WorkSpace/opencv-4.7.0/build/CMakeFiles/CheckTypeSize/int8.c:32:12: error: use of undeclared identifier 'INT8'
  ('0' + ((SIZE / 10)%10)),
           ^
/Users/mac/Desktop/OpenCV-WorkSpace/opencv-4.7.0/build/CMakeFiles/CheckTypeSize/int8.c:27:22: note: expanded from macro 'SIZE'
#define SIZE (sizeof(INT8))
                     ^
/Users/mac/Desktop/OpenCV-WorkSpace/opencv-4.7.0/build/CMakeFiles/CheckTypeSize/int8.c:33:12: error: use of undeclared identifier 'INT8'
  ('0' +  (SIZE    % 10)),
           ^
/Users/mac/Desktop/OpenCV-WorkSpace/opencv-4.7.0/build/CMakeFiles/CheckTypeSize/int8.c:27:22: note: expanded from macro 'SIZE'
#define SIZE (sizeof(INT8))
                     ^
5 errors generated.
make[1]: *** [CMakeFiles/cmTC_7c820.dir/int8.c.o] Error 1
make: *** [cmTC_7c820/fast] Error 2


/Users/mac/Desktop/OpenCV-WorkSpace/opencv-4.7.0/build/CMakeFiles/CheckTypeSize/int8.c:
#include <sys/types.h>
#include <stdint.h>
#include <stddef.h>


#undef KEY
#if defined(__i386)
# define KEY '_','_','i','3','8','6'
#elif defined(__x86_64)
# define KEY '_','_','x','8','6','_','6','4'
#elif defined(__PPC64__)
# define KEY '_','_','P','P','C','6','4','_','_'
#elif defined(__ppc64__)
# define KEY '_','_','p','p','c','6','4','_','_'
#elif defined(__PPC__)
# define KEY '_','_','P','P','C','_','_'
#elif defined(__ppc__)
# define KEY '_','_','p','p','c','_','_'
#elif defined(__aarch64__)
# define KEY '_','_','a','a','r','c','h','6','4','_','_'
#elif defined(__ARM_ARCH_7A__)
# define KEY '_','_','A','R','M','_','A','R','C','H','_','7','A','_','_'
#elif defined(__ARM_ARCH_7S__)
# define KEY '_','_','A','R','M','_','A','R','C','H','_','7','S','_','_'
#endif

#define SIZE (sizeof(INT8))
static char info_size[] =  {'I', 'N', 'F', 'O', ':', 's','i','z','e','[',
  ('0' + ((SIZE / 10000)%10)),
  ('0' + ((SIZE / 1000)%10)),
  ('0' + ((SIZE / 100)%10)),
  ('0' + ((SIZE / 10)%10)),
  ('0' +  (SIZE    % 10)),
  ']',
#ifdef KEY
  ' ','k','e','y','[', KEY, ']',
#endif
  '\0'};

#ifdef __CLASSIC_C__
int main(argc, argv) int argc; char *argv[];
#else
int main(int argc, char *argv[])
#endif
{
  int require = 0;
  require += info_size[argc];
  (void)argv;
  return require;
}


Determining size of INT16 failed with the following output:
Change Dir: /Users/mac/Desktop/OpenCV-WorkSpace/opencv-4.7.0/build/CMakeFiles/CMakeTmp

Run Build Command(s):/usr/bin/make cmTC_11886/fast && /Applications/Xcode.app/Contents/Developer/usr/bin/make  -f CMakeFiles/cmTC_11886.dir/build.make CMakeFiles/cmTC_11886.dir/build
Building C object CMakeFiles/cmTC_11886.dir/int16.c.o
/Applications/Xcode.app/Contents/Developer/Toolchains/XcodeDefault.xctoolchain/usr/bin/cc   -fsigned-char -W -Wall -Wreturn-type -Wnon-virtual-dtor -Waddress -Wsequence-point -Wformat -Wformat-security -Wmissing-declarations -Wmissing-prototypes -Wstrict-prototypes -Wundef -Winit-self -Wpointer-arith -Wshadow -Wsign-promo -Wuninitialized -Wno-delete-non-virtual-dtor -Wno-unnamed-type-template-args -Wno-comment -fdiagnostics-show-option -Wno-long-long -Qunused-arguments -Wno-semicolon-before-method-body -ffunction-sections -fdata-sections  -fvisibility=hidden -fvisibility-inlines-hidden  -O3 -DNDEBUG  -DNDEBUG -isysroot /Applications/Xcode.app/Contents/Developer/Platforms/MacOSX.platform/Developer/SDKs/MacOSX13.3.sdk -fPIE -o CMakeFiles/cmTC_11886.dir/int16.c.o -c /Users/mac/Desktop/OpenCV-WorkSpace/opencv-4.7.0/build/CMakeFiles/CheckTypeSize/int16.c
/Users/mac/Desktop/OpenCV-WorkSpace/opencv-4.7.0/build/CMakeFiles/CheckTypeSize/int16.c:29:12: error: use of undeclared identifier 'INT16'
  ('0' + ((SIZE / 10000)%10)),
           ^
/Users/mac/Desktop/OpenCV-WorkSpace/opencv-4.7.0/build/CMakeFiles/CheckTypeSize/int16.c:27:22: note: expanded from macro 'SIZE'
#define SIZE (sizeof(INT16))
                     ^
/Users/mac/Desktop/OpenCV-WorkSpace/opencv-4.7.0/build/CMakeFiles/CheckTypeSize/int16.c:30:12: error: use of undeclared identifier 'INT16'
  ('0' + ((SIZE / 1000)%10)),
           ^
/Users/mac/Desktop/OpenCV-WorkSpace/opencv-4.7.0/build/CMakeFiles/CheckTypeSize/int16.c:27:22: note: expanded from macro 'SIZE'
#define SIZE (sizeof(INT16))
                     ^
/Users/mac/Desktop/OpenCV-WorkSpace/opencv-4.7.0/build/CMakeFiles/CheckTypeSize/int16.c:31:12: error: use of undeclared identifier 'INT16'
  ('0' + ((SIZE / 100)%10)),
           ^
/Users/mac/Desktop/OpenCV-WorkSpace/opencv-4.7.0/build/CMakeFiles/CheckTypeSize/int16.c:27:22: note: expanded from macro 'SIZE'
#define SIZE (sizeof(INT16))
                     ^
/Users/mac/Desktop/OpenCV-WorkSpace/opencv-4.7.0/build/CMakeFiles/CheckTypeSize/int16.c:32:12: error: use of undeclared identifier 'INT16'
  ('0' + ((SIZE / 10)%10)),
           ^
/Users/mac/Desktop/OpenCV-WorkSpace/opencv-4.7.0/build/CMakeFiles/CheckTypeSize/int16.c:27:22: note: expanded from macro 'SIZE'
#define SIZE (sizeof(INT16))
                     ^
/Users/mac/Desktop/OpenCV-WorkSpace/opencv-4.7.0/build/CMakeFiles/CheckTypeSize/int16.c:33:12: error: use of undeclared identifier 'INT16'
  ('0' +  (SIZE    % 10)),
           ^
/Users/mac/Desktop/OpenCV-WorkSpace/opencv-4.7.0/build/CMakeFiles/CheckTypeSize/int16.c:27:22: note: expanded from macro 'SIZE'
#define SIZE (sizeof(INT16))
                     ^
5 errors generated.
make[1]: *** [CMakeFiles/cmTC_11886.dir/int16.c.o] Error 1
make: *** [cmTC_11886/fast] Error 2


/Users/mac/Desktop/OpenCV-WorkSpace/opencv-4.7.0/build/CMakeFiles/CheckTypeSize/int16.c:
#include <sys/types.h>
#include <stdint.h>
#include <stddef.h>


#undef KEY
#if defined(__i386)
# define KEY '_','_','i','3','8','6'
#elif defined(__x86_64)
# define KEY '_','_','x','8','6','_','6','4'
#elif defined(__PPC64__)
# define KEY '_','_','P','P','C','6','4','_','_'
#elif defined(__ppc64__)
# define KEY '_','_','p','p','c','6','4','_','_'
#elif defined(__PPC__)
# define KEY '_','_','P','P','C','_','_'
#elif defined(__ppc__)
# define KEY '_','_','p','p','c','_','_'
#elif defined(__aarch64__)
# define KEY '_','_','a','a','r','c','h','6','4','_','_'
#elif defined(__ARM_ARCH_7A__)
# define KEY '_','_','A','R','M','_','A','R','C','H','_','7','A','_','_'
#elif defined(__ARM_ARCH_7S__)
# define KEY '_','_','A','R','M','_','A','R','C','H','_','7','S','_','_'
#endif

#define SIZE (sizeof(INT16))
static char info_size[] =  {'I', 'N', 'F', 'O', ':', 's','i','z','e','[',
  ('0' + ((SIZE / 10000)%10)),
  ('0' + ((SIZE / 1000)%10)),
  ('0' + ((SIZE / 100)%10)),
  ('0' + ((SIZE / 10)%10)),
  ('0' +  (SIZE    % 10)),
  ']',
#ifdef KEY
  ' ','k','e','y','[', KEY, ']',
#endif
  '\0'};

#ifdef __CLASSIC_C__
int main(argc, argv) int argc; char *argv[];
#else
int main(int argc, char *argv[])
#endif
{
  int require = 0;
  require += info_size[argc];
  (void)argv;
  return require;
}


Determining size of INT32 failed with the following output:
Change Dir: /Users/mac/Desktop/OpenCV-WorkSpace/opencv-4.7.0/build/CMakeFiles/CMakeTmp

Run Build Command(s):/usr/bin/make cmTC_89099/fast && /Applications/Xcode.app/Contents/Developer/usr/bin/make  -f CMakeFiles/cmTC_89099.dir/build.make CMakeFiles/cmTC_89099.dir/build
Building C object CMakeFiles/cmTC_89099.dir/int32.c.o
/Applications/Xcode.app/Contents/Developer/Toolchains/XcodeDefault.xctoolchain/usr/bin/cc   -fsigned-char -W -Wall -Wreturn-type -Wnon-virtual-dtor -Waddress -Wsequence-point -Wformat -Wformat-security -Wmissing-declarations -Wmissing-prototypes -Wstrict-prototypes -Wundef -Winit-self -Wpointer-arith -Wshadow -Wsign-promo -Wuninitialized -Wno-delete-non-virtual-dtor -Wno-unnamed-type-template-args -Wno-comment -fdiagnostics-show-option -Wno-long-long -Qunused-arguments -Wno-semicolon-before-method-body -ffunction-sections -fdata-sections  -fvisibility=hidden -fvisibility-inlines-hidden  -O3 -DNDEBUG  -DNDEBUG -isysroot /Applications/Xcode.app/Contents/Developer/Platforms/MacOSX.platform/Developer/SDKs/MacOSX13.3.sdk -fPIE -o CMakeFiles/cmTC_89099.dir/int32.c.o -c /Users/mac/Desktop/OpenCV-WorkSpace/opencv-4.7.0/build/CMakeFiles/CheckTypeSize/int32.c
/Users/mac/Desktop/OpenCV-WorkSpace/opencv-4.7.0/build/CMakeFiles/CheckTypeSize/int32.c:29:12: error: use of undeclared identifier 'INT32'
  ('0' + ((SIZE / 10000)%10)),
           ^
/Users/mac/Desktop/OpenCV-WorkSpace/opencv-4.7.0/build/CMakeFiles/CheckTypeSize/int32.c:27:22: note: expanded from macro 'SIZE'
#define SIZE (sizeof(INT32))
                     ^
/Users/mac/Desktop/OpenCV-WorkSpace/opencv-4.7.0/build/CMakeFiles/CheckTypeSize/int32.c:30:12: error: use of undeclared identifier 'INT32'
  ('0' + ((SIZE / 1000)%10)),
           ^
/Users/mac/Desktop/OpenCV-WorkSpace/opencv-4.7.0/build/CMakeFiles/CheckTypeSize/int32.c:27:22: note: expanded from macro 'SIZE'
#define SIZE (sizeof(INT32))
                     ^
/Users/mac/Desktop/OpenCV-WorkSpace/opencv-4.7.0/build/CMakeFiles/CheckTypeSize/int32.c:31:12: error: use of undeclared identifier 'INT32'
  ('0' + ((SIZE / 100)%10)),
           ^
/Users/mac/Desktop/OpenCV-WorkSpace/opencv-4.7.0/build/CMakeFiles/CheckTypeSize/int32.c:27:22: note: expanded from macro 'SIZE'
#define SIZE (sizeof(INT32))
                     ^
/Users/mac/Desktop/OpenCV-WorkSpace/opencv-4.7.0/build/CMakeFiles/CheckTypeSize/int32.c:32:12: error: use of undeclared identifier 'INT32'
  ('0' + ((SIZE / 10)%10)),
           ^
/Users/mac/Desktop/OpenCV-WorkSpace/opencv-4.7.0/build/CMakeFiles/CheckTypeSize/int32.c:27:22: note: expanded from macro 'SIZE'
#define SIZE (sizeof(INT32))
                     ^
/Users/mac/Desktop/OpenCV-WorkSpace/opencv-4.7.0/build/CMakeFiles/CheckTypeSize/int32.c:33:12: error: use of undeclared identifier 'INT32'
  ('0' +  (SIZE    % 10)),
           ^
/Users/mac/Desktop/OpenCV-WorkSpace/opencv-4.7.0/build/CMakeFiles/CheckTypeSize/int32.c:27:22: note: expanded from macro 'SIZE'
#define SIZE (sizeof(INT32))
                     ^
5 errors generated.
make[1]: *** [CMakeFiles/cmTC_89099.dir/int32.c.o] Error 1
make: *** [cmTC_89099/fast] Error 2


/Users/mac/Desktop/OpenCV-WorkSpace/opencv-4.7.0/build/CMakeFiles/CheckTypeSize/int32.c:
#include <sys/types.h>
#include <stdint.h>
#include <stddef.h>


#undef KEY
#if defined(__i386)
# define KEY '_','_','i','3','8','6'
#elif defined(__x86_64)
# define KEY '_','_','x','8','6','_','6','4'
#elif defined(__PPC64__)
# define KEY '_','_','P','P','C','6','4','_','_'
#elif defined(__ppc64__)
# define KEY '_','_','p','p','c','6','4','_','_'
#elif defined(__PPC__)
# define KEY '_','_','P','P','C','_','_'
#elif defined(__ppc__)
# define KEY '_','_','p','p','c','_','_'
#elif defined(__aarch64__)
# define KEY '_','_','a','a','r','c','h','6','4','_','_'
#elif defined(__ARM_ARCH_7A__)
# define KEY '_','_','A','R','M','_','A','R','C','H','_','7','A','_','_'
#elif defined(__ARM_ARCH_7S__)
# define KEY '_','_','A','R','M','_','A','R','C','H','_','7','S','_','_'
#endif

#define SIZE (sizeof(INT32))
static char info_size[] =  {'I', 'N', 'F', 'O', ':', 's','i','z','e','[',
  ('0' + ((SIZE / 10000)%10)),
  ('0' + ((SIZE / 1000)%10)),
  ('0' + ((SIZE / 100)%10)),
  ('0' + ((SIZE / 10)%10)),
  ('0' +  (SIZE    % 10)),
  ']',
#ifdef KEY
  ' ','k','e','y','[', KEY, ']',
#endif
  '\0'};

#ifdef __CLASSIC_C__
int main(argc, argv) int argc; char *argv[];
#else
int main(int argc, char *argv[])
#endif
{
  int require = 0;
  require += info_size[argc];
  (void)argv;
  return require;
}


Build output check failed:
    Regex: 'unknown .*option'
    Output line: 'warning: unknown warning option '-Wno-maybe-uninitialized', did you mean '-Wno-uninitialized'? [-Wunknown-warning-option]'
Compilation failed:
    source file: '/Users/mac/Desktop/OpenCV-WorkSpace/opencv-4.7.0/build/CMakeFiles/CMakeTmp/src.c'
    check option: ' -Wno-maybe-uninitialized'
===== BUILD LOG =====
Change Dir: /Users/mac/Desktop/OpenCV-WorkSpace/opencv-4.7.0/build/CMakeFiles/CMakeTmp

Run Build Command(s):/usr/bin/make cmTC_0349a/fast && /Applications/Xcode.app/Contents/Developer/usr/bin/make  -f CMakeFiles/cmTC_0349a.dir/build.make CMakeFiles/cmTC_0349a.dir/build
Building C object CMakeFiles/cmTC_0349a.dir/src.c.o
/Applications/Xcode.app/Contents/Developer/Toolchains/XcodeDefault.xctoolchain/usr/bin/cc   -fsigned-char -W -Wall -Wreturn-type -Wnon-virtual-dtor -Waddress -Wsequence-point -Wformat -Wformat-security -Wstrict-prototypes -Winit-self -Wpointer-arith -Wsign-promo -Wuninitialized -Wno-delete-non-virtual-dtor -Wno-unnamed-type-template-args -Wno-comment -fdiagnostics-show-option -Wno-long-long -Qunused-arguments -Wno-semicolon-before-method-body -ffunction-sections -fdata-sections  -fvisibility=hidden -fvisibility-inlines-hidden -Wno-unused-but-set-variable -Wno-missing-prototypes -Wno-missing-declarations -Wno-undef -Wno-unused -Wno-sign-compare -Wno-cast-align -Wno-shadow  -O3 -DNDEBUG  -DNDEBUG -isysroot /Applications/Xcode.app/Contents/Developer/Platforms/MacOSX.platform/Developer/SDKs/MacOSX13.3.sdk -fPIE    -Wno-maybe-uninitialized -o CMakeFiles/cmTC_0349a.dir/src.c.o -c /Users/mac/Desktop/OpenCV-WorkSpace/opencv-4.7.0/build/CMakeFiles/CMakeTmp/src.c
warning: unknown warning option '-Wno-maybe-uninitialized'; did you mean '-Wno-uninitialized'? [-Wunknown-warning-option]
/Users/mac/Desktop/OpenCV-WorkSpace/opencv-4.7.0/build/CMakeFiles/CMakeTmp/src.c:1:8: warning: unknown pragma ignored [-Wunknown-pragmas]
#pragma
       ^
2 warnings generated.
Linking C executable cmTC_0349a
/Applications/CMake.app/Contents/bin/cmake -E cmake_link_script CMakeFiles/cmTC_0349a.dir/link.txt --verbose=1
/Applications/Xcode.app/Contents/Developer/Toolchains/XcodeDefault.xctoolchain/usr/bin/cc    -fsigned-char -W -Wall -Wreturn-type -Wnon-virtual-dtor -Waddress -Wsequence-point -Wformat -Wformat-security -Wstrict-prototypes -Winit-self -Wpointer-arith -Wsign-promo -Wuninitialized -Wno-delete-non-virtual-dtor -Wno-unnamed-type-template-args -Wno-comment -fdiagnostics-show-option -Wno-long-long -Qunused-arguments -Wno-semicolon-before-method-body -ffunction-sections -fdata-sections  -fvisibility=hidden -fvisibility-inlines-hidden -Wno-unused-but-set-variable -Wno-missing-prototypes -Wno-missing-declarations -Wno-undef -Wno-unused -Wno-sign-compare -Wno-cast-align -Wno-shadow  -O3 -DNDEBUG  -DNDEBUG -isysroot /Applications/Xcode.app/Contents/Developer/Platforms/MacOSX.platform/Developer/SDKs/MacOSX13.3.sdk -Wl,-search_paths_first -Wl,-headerpad_max_install_names   -Wl,-dead_strip  CMakeFiles/cmTC_0349a.dir/src.c.o -o cmTC_0349a 


===== END =====

Build output check failed:
    Regex: 'unknown .*option'
    Output line: 'warning: unknown warning option '-Wno-array-parameter', did you mean '-Wno-unused-parameter'? [-Wunknown-warning-option]'
Compilation failed:
    source file: '/Users/mac/Desktop/OpenCV-WorkSpace/opencv-4.7.0/build/CMakeFiles/CMakeTmp/src.c'
    check option: ' -Wno-array-parameter'
===== BUILD LOG =====
Change Dir: /Users/mac/Desktop/OpenCV-WorkSpace/opencv-4.7.0/build/CMakeFiles/CMakeTmp

Run Build Command(s):/usr/bin/make cmTC_6070c/fast && /Applications/Xcode.app/Contents/Developer/usr/bin/make  -f CMakeFiles/cmTC_6070c.dir/build.make CMakeFiles/cmTC_6070c.dir/build
Building C object CMakeFiles/cmTC_6070c.dir/src.c.o
/Applications/Xcode.app/Contents/Developer/Toolchains/XcodeDefault.xctoolchain/usr/bin/cc   -fsigned-char -W -Wall -Wreturn-type -Wnon-virtual-dtor -Waddress -Wsequence-point -Wformat -Wformat-security -Wstrict-prototypes -Winit-self -Wpointer-arith -Wsign-promo -Wuninitialized -Wno-delete-non-virtual-dtor -Wno-unnamed-type-template-args -Wno-comment -fdiagnostics-show-option -Wno-long-long -Qunused-arguments -Wno-semicolon-before-method-body -ffunction-sections -fdata-sections  -fvisibility=hidden -fvisibility-inlines-hidden -Wno-unused-but-set-variable -Wno-missing-prototypes -Wno-missing-declarations -Wno-undef -Wno-unused -Wno-sign-compare -Wno-cast-align -Wno-shadow -Wno-pointer-to-int-cast -Wno-int-to-pointer-cast -Wno-misleading-indentation -Wno-implicit-fallthrough -Wno-unused-parameter  -O3 -DNDEBUG  -DNDEBUG -isysroot /Applications/Xcode.app/Contents/Developer/Platforms/MacOSX.platform/Developer/SDKs/MacOSX13.3.sdk -fPIE    -Wno-array-parameter -o CMakeFiles/cmTC_6070c.dir/src.c.o -c /Users/mac/Desktop/OpenCV-WorkSpace/opencv-4.7.0/build/CMakeFiles/CMakeTmp/src.c
warning: unknown warning option '-Wno-array-parameter'; did you mean '-Wno-unused-parameter'? [-Wunknown-warning-option]
/Users/mac/Desktop/OpenCV-WorkSpace/opencv-4.7.0/build/CMakeFiles/CMakeTmp/src.c:1:8: warning: unknown pragma ignored [-Wunknown-pragmas]
#pragma
       ^
2 warnings generated.
Linking C executable cmTC_6070c
/Applications/CMake.app/Contents/bin/cmake -E cmake_link_script CMakeFiles/cmTC_6070c.dir/link.txt --verbose=1
/Applications/Xcode.app/Contents/Developer/Toolchains/XcodeDefault.xctoolchain/usr/bin/cc    -fsigned-char -W -Wall -Wreturn-type -Wnon-virtual-dtor -Waddress -Wsequence-point -Wformat -Wformat-security -Wstrict-prototypes -Winit-self -Wpointer-arith -Wsign-promo -Wuninitialized -Wno-delete-non-virtual-dtor -Wno-unnamed-type-template-args -Wno-comment -fdiagnostics-show-option -Wno-long-long -Qunused-arguments -Wno-semicolon-before-method-body -ffunction-sections -fdata-sections  -fvisibility=hidden -fvisibility-inlines-hidden -Wno-unused-but-set-variable -Wno-missing-prototypes -Wno-missing-declarations -Wno-undef -Wno-unused -Wno-sign-compare -Wno-cast-align -Wno-shadow -Wno-pointer-to-int-cast -Wno-int-to-pointer-cast -Wno-misleading-indentation -Wno-implicit-fallthrough -Wno-unused-parameter  -O3 -DNDEBUG  -DNDEBUG -isysroot /Applications/Xcode.app/Contents/Developer/Platforms/MacOSX.platform/Developer/SDKs/MacOSX13.3.sdk -Wl,-search_paths_first -Wl,-headerpad_max_install_names   -Wl,-dead_strip  CMakeFiles/cmTC_6070c.dir/src.c.o -o cmTC_6070c 


===== END =====

Determining if files malloc.h exist failed with the following output:
Change Dir: /Users/mac/Desktop/OpenCV-WorkSpace/opencv-4.7.0/build/CMakeFiles/CMakeTmp

Run Build Command(s):/usr/bin/make cmTC_df8e9/fast && /Applications/Xcode.app/Contents/Developer/usr/bin/make  -f CMakeFiles/cmTC_df8e9.dir/build.make CMakeFiles/cmTC_df8e9.dir/build
Building C object CMakeFiles/cmTC_df8e9.dir/OPJ_HAVE_MALLOC_H.c.o
/Applications/Xcode.app/Contents/Developer/Toolchains/XcodeDefault.xctoolchain/usr/bin/cc   -fsigned-char -W -Wall -Wreturn-type -Wnon-virtual-dtor -Waddress -Wsequence-point -Wformat -Wformat-security -Wmissing-declarations -Wmissing-prototypes -Wstrict-prototypes -Wundef -Winit-self -Wpointer-arith -Wshadow -Wsign-promo -Wuninitialized -Wno-delete-non-virtual-dtor -Wno-unnamed-type-template-args -Wno-comment -fdiagnostics-show-option -Wno-long-long -Qunused-arguments -Wno-semicolon-before-method-body -ffunction-sections -fdata-sections  -fvisibility=hidden -fvisibility-inlines-hidden -Wno-implicit-const-int-float-conversion -Wno-unused-but-set-variable  -O3 -DNDEBUG  -DNDEBUG -isysroot /Applications/Xcode.app/Contents/Developer/Platforms/MacOSX.platform/Developer/SDKs/MacOSX13.3.sdk -fPIE -o CMakeFiles/cmTC_df8e9.dir/OPJ_HAVE_MALLOC_H.c.o -c /Users/mac/Desktop/OpenCV-WorkSpace/opencv-4.7.0/build/CMakeFiles/CheckIncludeFiles/OPJ_HAVE_MALLOC_H.c
/Users/mac/Desktop/OpenCV-WorkSpace/opencv-4.7.0/build/CMakeFiles/CheckIncludeFiles/OPJ_HAVE_MALLOC_H.c:2:10: fatal error: 'malloc.h' file not found
#include <malloc.h>
         ^~~~~~~~~~
1 error generated.
make[1]: *** [CMakeFiles/cmTC_df8e9.dir/OPJ_HAVE_MALLOC_H.c.o] Error 1
make: *** [cmTC_df8e9/fast] Error 2


Source:
/* */
#include <malloc.h>


int main(void){return 0;}

Determining if the _aligned_malloc exist failed with the following output:
Change Dir: /Users/mac/Desktop/OpenCV-WorkSpace/opencv-4.7.0/build/CMakeFiles/CMakeTmp

Run Build Command(s):/usr/bin/make cmTC_d1c28/fast && /Applications/Xcode.app/Contents/Developer/usr/bin/make  -f CMakeFiles/cmTC_d1c28.dir/build.make CMakeFiles/cmTC_d1c28.dir/build
Building C object CMakeFiles/cmTC_d1c28.dir/CheckSymbolExists.c.o
/Applications/Xcode.app/Contents/Developer/Toolchains/XcodeDefault.xctoolchain/usr/bin/cc   -fsigned-char -W -Wall -Wreturn-type -Wnon-virtual-dtor -Waddress -Wsequence-point -Wformat -Wformat-security -Wmissing-declarations -Wmissing-prototypes -Wstrict-prototypes -Wundef -Winit-self -Wpointer-arith -Wshadow -Wsign-promo -Wuninitialized -Wno-delete-non-virtual-dtor -Wno-unnamed-type-template-args -Wno-comment -fdiagnostics-show-option -Wno-long-long -Qunused-arguments -Wno-semicolon-before-method-body -ffunction-sections -fdata-sections  -fvisibility=hidden -fvisibility-inlines-hidden -Wno-implicit-const-int-float-conversion -Wno-unused-but-set-variable  -O3 -DNDEBUG  -DNDEBUG -isysroot /Applications/Xcode.app/Contents/Developer/Platforms/MacOSX.platform/Developer/SDKs/MacOSX13.3.sdk -fPIE -o CMakeFiles/cmTC_d1c28.dir/CheckSymbolExists.c.o -c /Users/mac/Desktop/OpenCV-WorkSpace/opencv-4.7.0/build/CMakeFiles/CMakeTmp/CheckSymbolExists.c
/Users/mac/Desktop/OpenCV-WorkSpace/opencv-4.7.0/build/CMakeFiles/CMakeTmp/CheckSymbolExists.c:2:10: fatal error: 'malloc.h' file not found
#include <malloc.h>
         ^~~~~~~~~~
1 error generated.
make[1]: *** [CMakeFiles/cmTC_d1c28.dir/CheckSymbolExists.c.o] Error 1
make: *** [cmTC_d1c28/fast] Error 2


File /Users/mac/Desktop/OpenCV-WorkSpace/opencv-4.7.0/build/CMakeFiles/CMakeTmp/CheckSymbolExists.c:
/* */
#include <malloc.h>

int main(int argc, char** argv)
{
  (void)argv;
#ifndef _aligned_malloc
  return ((int*)(&_aligned_malloc))[argc];
#else
  (void)argc;
  return 0;
#endif
}
Determining if the memalign exist failed with the following output:
Change Dir: /Users/mac/Desktop/OpenCV-WorkSpace/opencv-4.7.0/build/CMakeFiles/CMakeTmp

Run Build Command(s):/usr/bin/make cmTC_0b60a/fast && /Applications/Xcode.app/Contents/Developer/usr/bin/make  -f CMakeFiles/cmTC_0b60a.dir/build.make CMakeFiles/cmTC_0b60a.dir/build
Building C object CMakeFiles/cmTC_0b60a.dir/CheckSymbolExists.c.o
/Applications/Xcode.app/Contents/Developer/Toolchains/XcodeDefault.xctoolchain/usr/bin/cc   -fsigned-char -W -Wall -Wreturn-type -Wnon-virtual-dtor -Waddress -Wsequence-point -Wformat -Wformat-security -Wmissing-declarations -Wmissing-prototypes -Wstrict-prototypes -Wundef -Winit-self -Wpointer-arith -Wshadow -Wsign-promo -Wuninitialized -Wno-delete-non-virtual-dtor -Wno-unnamed-type-template-args -Wno-comment -fdiagnostics-show-option -Wno-long-long -Qunused-arguments -Wno-semicolon-before-method-body -ffunction-sections -fdata-sections  -fvisibility=hidden -fvisibility-inlines-hidden -Wno-implicit-const-int-float-conversion -Wno-unused-but-set-variable  -O3 -DNDEBUG  -DNDEBUG -isysroot /Applications/Xcode.app/Contents/Developer/Platforms/MacOSX.platform/Developer/SDKs/MacOSX13.3.sdk -fPIE -o CMakeFiles/cmTC_0b60a.dir/CheckSymbolExists.c.o -c /Users/mac/Desktop/OpenCV-WorkSpace/opencv-4.7.0/build/CMakeFiles/CMakeTmp/CheckSymbolExists.c
/Users/mac/Desktop/OpenCV-WorkSpace/opencv-4.7.0/build/CMakeFiles/CMakeTmp/CheckSymbolExists.c:2:10: fatal error: 'malloc.h' file not found
#include <malloc.h>
         ^~~~~~~~~~
1 error generated.
make[1]: *** [CMakeFiles/cmTC_0b60a.dir/CheckSymbolExists.c.o] Error 1
make: *** [cmTC_0b60a/fast] Error 2


File /Users/mac/Desktop/OpenCV-WorkSpace/opencv-4.7.0/build/CMakeFiles/CMakeTmp/CheckSymbolExists.c:
/* */
#include <malloc.h>

int main(int argc, char** argv)
{
  (void)argv;
#ifndef memalign
  return ((int*)(&memalign))[argc];
#else
  (void)argc;
  return 0;
#endif
}
Determining if the function sgemm_ exists failed with the following output:
Change Dir: /Users/mac/Desktop/OpenCV-WorkSpace/opencv-4.7.0/build/CMakeFiles/CMakeTmp

Run Build Command(s):/usr/bin/make cmTC_bbb8a/fast && /Applications/Xcode.app/Contents/Developer/usr/bin/make  -f CMakeFiles/cmTC_bbb8a.dir/build.make CMakeFiles/cmTC_bbb8a.dir/build
Building C object CMakeFiles/cmTC_bbb8a.dir/CheckFunctionExists.c.o
/Applications/Xcode.app/Contents/Developer/Toolchains/XcodeDefault.xctoolchain/usr/bin/cc   -fsigned-char -W -Wall -Wreturn-type -Wnon-virtual-dtor -Waddress -Wsequence-point -Wformat -Wformat-security -Wmissing-declarations -Wmissing-prototypes -Wstrict-prototypes -Wundef -Winit-self -Wpointer-arith -Wshadow -Wsign-promo -Wuninitialized -Wno-delete-non-virtual-dtor -Wno-unnamed-type-template-args -Wno-comment -fdiagnostics-show-option -Wno-long-long -Qunused-arguments -Wno-semicolon-before-method-body -ffunction-sections -fdata-sections  -fvisibility=hidden -fvisibility-inlines-hidden -DCHECK_FUNCTION_EXISTS=sgemm_ -O3 -DNDEBUG  -DNDEBUG -isysroot /Applications/Xcode.app/Contents/Developer/Platforms/MacOSX.platform/Developer/SDKs/MacOSX13.3.sdk -fPIE -o CMakeFiles/cmTC_bbb8a.dir/CheckFunctionExists.c.o -c /Applications/CMake.app/Contents/share/cmake-3.19/Modules/CheckFunctionExists.c
Linking C executable cmTC_bbb8a
/Applications/CMake.app/Contents/bin/cmake -E cmake_link_script CMakeFiles/cmTC_bbb8a.dir/link.txt --verbose=1
/Applications/Xcode.app/Contents/Developer/Toolchains/XcodeDefault.xctoolchain/usr/bin/cc    -fsigned-char -W -Wall -Wreturn-type -Wnon-virtual-dtor -Waddress -Wsequence-point -Wformat -Wformat-security -Wmissing-declarations -Wmissing-prototypes -Wstrict-prototypes -Wundef -Winit-self -Wpointer-arith -Wshadow -Wsign-promo -Wuninitialized -Wno-delete-non-virtual-dtor -Wno-unnamed-type-template-args -Wno-comment -fdiagnostics-show-option -Wno-long-long -Qunused-arguments -Wno-semicolon-before-method-body -ffunction-sections -fdata-sections  -fvisibility=hidden -fvisibility-inlines-hidden -DCHECK_FUNCTION_EXISTS=sgemm_ -O3 -DNDEBUG  -DNDEBUG -isysroot /Applications/Xcode.app/Contents/Developer/Platforms/MacOSX.platform/Developer/SDKs/MacOSX13.3.sdk -Wl,-search_paths_first -Wl,-headerpad_max_install_names   -Wl,-dead_strip  CMakeFiles/cmTC_bbb8a.dir/CheckFunctionExists.c.o -o cmTC_bbb8a 
Undefined symbols for architecture x86_64:
  "_sgemm_", referenced from:
      _main in CheckFunctionExists.c.o
ld: symbol(s) not found for architecture x86_64
clang: error: linker command failed with exit code 1 (use -v to see invocation)
make[1]: *** [cmTC_bbb8a] Error 1
make: *** [cmTC_bbb8a/fast] Error 2



Performing C SOURCE FILE Test Iconv_IS_BUILT_IN failed with the following output:
Change Dir: /Users/mac/Desktop/OpenCV-WorkSpace/opencv-4.7.0/build/CMakeFiles/CMakeTmp

Run Build Command(s):/usr/bin/make cmTC_f3afa/fast && /Applications/Xcode.app/Contents/Developer/usr/bin/make  -f CMakeFiles/cmTC_f3afa.dir/build.make CMakeFiles/cmTC_f3afa.dir/build
Building C object CMakeFiles/cmTC_f3afa.dir/src.c.o
/Applications/Xcode.app/Contents/Developer/Toolchains/XcodeDefault.xctoolchain/usr/bin/cc -DIconv_IS_BUILT_IN  -fsigned-char -W -Wall -Wreturn-type -Wnon-virtual-dtor -Waddress -Wsequence-point -Wformat -Wformat-security -Wmissing-declarations -Wmissing-prototypes -Wstrict-prototypes -Wundef -Winit-self -Wpointer-arith -Wshadow -Wsign-promo -Wuninitialized -Wno-delete-non-virtual-dtor -Wno-unnamed-type-template-args -Wno-comment -fdiagnostics-show-option -Wno-long-long -Qunused-arguments -Wno-semicolon-before-method-body -ffunction-sections -fdata-sections  -fvisibility=hidden -fvisibility-inlines-hidden  -O3 -DNDEBUG  -DNDEBUG -isysroot /Applications/Xcode.app/Contents/Developer/Platforms/MacOSX.platform/Developer/SDKs/MacOSX13.3.sdk -fPIE -o CMakeFiles/cmTC_f3afa.dir/src.c.o -c /Users/mac/Desktop/OpenCV-WorkSpace/opencv-4.7.0/build/CMakeFiles/CMakeTmp/src.c
/Users/mac/Desktop/OpenCV-WorkSpace/opencv-4.7.0/build/CMakeFiles/CMakeTmp/src.c:4:15: warning: a function declaration without a prototype is deprecated in all versions of C [-Wstrict-prototypes]
      int main() {
              ^
               void
1 warning generated.
Linking C executable cmTC_f3afa
/Applications/CMake.app/Contents/bin/cmake -E cmake_link_script CMakeFiles/cmTC_f3afa.dir/link.txt --verbose=1
/Applications/Xcode.app/Contents/Developer/Toolchains/XcodeDefault.xctoolchain/usr/bin/cc    -fsigned-char -W -Wall -Wreturn-type -Wnon-virtual-dtor -Waddress -Wsequence-point -Wformat -Wformat-security -Wmissing-declarations -Wmissing-prototypes -Wstrict-prototypes -Wundef -Winit-self -Wpointer-arith -Wshadow -Wsign-promo -Wuninitialized -Wno-delete-non-virtual-dtor -Wno-unnamed-type-template-args -Wno-comment -fdiagnostics-show-option -Wno-long-long -Qunused-arguments -Wno-semicolon-before-method-body -ffunction-sections -fdata-sections  -fvisibility=hidden -fvisibility-inlines-hidden  -O3 -DNDEBUG  -DNDEBUG -isysroot /Applications/Xcode.app/Contents/Developer/Platforms/MacOSX.platform/Developer/SDKs/MacOSX13.3.sdk -Wl,-search_paths_first -Wl,-headerpad_max_install_names   -Wl,-dead_strip  CMakeFiles/cmTC_f3afa.dir/src.c.o -o cmTC_f3afa 
Undefined symbols for architecture x86_64:
  "_iconv", referenced from:
      _main in src.c.o
  "_iconv_close", referenced from:
      _main in src.c.o
  "_iconv_open", referenced from:
      _main in src.c.o
ld: symbol(s) not found for architecture x86_64
clang: error: linker command failed with exit code 1 (use -v to see invocation)
make[1]: *** [cmTC_f3afa] Error 1
make: *** [cmTC_f3afa/fast] Error 2


Source file was:

      #include <stddef.h>
      #include <iconv.h>
      int main() {
        char *a, *b;
        size_t i, j;
        iconv_t ic;
        ic = iconv_open("to", "from");
        iconv(ic, &a, &i, &b, &j);
        iconv_close(ic);
      }
      
